<?xml version="1.0" encoding="UTF-8"?>
<testng-results ignored="0" total="17" passed="16" failed="1" skipped="0">
  <reporter-output>
  </reporter-output>
  <suite started-at="2024-03-07T14:44:21Z" name="Open Cart Test Regression PW Suite" finished-at="2024-03-07T14:44:59Z" duration-ms="37633">
    <groups>
    </groups>
    <test started-at="2024-03-07T14:44:21Z" name="Open Cart Home Page Test_chrome" finished-at="2024-03-07T14:44:30Z" duration-ms="9001">
      <class name="com.qa.opencart.test.HomePageTest">
        <test-method is-config="true" signature="setup(java.lang.String)[pri:0, instance:com.qa.opencart.test.HomePageTest@3e2059ae]" started-at="2024-03-07T14:44:21Z" name="setup" finished-at="2024-03-07T14:44:27Z" duration-ms="5897" status="PASS">
          <params>
            <param index="0">
              <value>
                <![CDATA[chrome]]>
              </value>
            </param>
          </params>
          <reporter-output>
          </reporter-output>
        </test-method> <!-- setup -->
        <test-method signature="homePageTitleTest()[pri:0, instance:com.qa.opencart.test.HomePageTest@3e2059ae]" started-at="2024-03-07T14:44:27Z" name="homePageTitleTest" finished-at="2024-03-07T14:44:27Z" duration-ms="17" status="PASS">
          <reporter-output>
          </reporter-output>
        </test-method> <!-- homePageTitleTest -->
        <test-method signature="homePageURLTest()[pri:0, instance:com.qa.opencart.test.HomePageTest@3e2059ae]" started-at="2024-03-07T14:44:27Z" name="homePageURLTest" finished-at="2024-03-07T14:44:27Z" duration-ms="2" status="PASS">
          <reporter-output>
          </reporter-output>
        </test-method> <!-- homePageURLTest -->
        <test-method signature="searchTest(java.lang.String)[pri:0, instance:com.qa.opencart.test.HomePageTest@3e2059ae]" started-at="2024-03-07T14:44:28Z" name="searchTest" data-provider="getProductData" finished-at="2024-03-07T14:44:28Z" duration-ms="568" status="PASS">
          <params>
            <param index="0">
              <value>
                <![CDATA[Mac Book]]>
              </value>
            </param>
          </params>
          <reporter-output>
          </reporter-output>
        </test-method> <!-- searchTest -->
        <test-method signature="searchTest(java.lang.String)[pri:0, instance:com.qa.opencart.test.HomePageTest@3e2059ae]" started-at="2024-03-07T14:44:28Z" name="searchTest" data-provider="getProductData" finished-at="2024-03-07T14:44:29Z" duration-ms="494" status="PASS">
          <params>
            <param index="0">
              <value>
                <![CDATA[iMac]]>
              </value>
            </param>
          </params>
          <reporter-output>
          </reporter-output>
        </test-method> <!-- searchTest -->
        <test-method signature="searchTest(java.lang.String)[pri:0, instance:com.qa.opencart.test.HomePageTest@3e2059ae]" started-at="2024-03-07T14:44:29Z" name="searchTest" data-provider="getProductData" finished-at="2024-03-07T14:44:30Z" duration-ms="518" status="PASS">
          <params>
            <param index="0">
              <value>
                <![CDATA[Samsung]]>
              </value>
            </param>
          </params>
          <reporter-output>
          </reporter-output>
        </test-method> <!-- searchTest -->
        <test-method is-config="true" signature="tearDown()[pri:0, instance:com.qa.opencart.test.HomePageTest@3e2059ae]" started-at="2024-03-07T14:44:30Z" name="tearDown" finished-at="2024-03-07T14:44:30Z" duration-ms="221" status="PASS">
          <reporter-output>
          </reporter-output>
        </test-method> <!-- tearDown -->
      </class> <!-- com.qa.opencart.test.HomePageTest -->
    </test> <!-- Open Cart Home Page Test_chrome -->
    <test started-at="2024-03-07T14:44:30Z" name="Open Cart Login Page Test_chromium" finished-at="2024-03-07T14:44:37Z" duration-ms="6589">
      <class name="com.qa.opencart.test.LoginPageTest">
        <test-method is-config="true" signature="setup(java.lang.String)[pri:0, instance:com.qa.opencart.test.LoginPageTest@df6620a]" started-at="2024-03-07T14:44:30Z" name="setup" finished-at="2024-03-07T14:44:35Z" duration-ms="4382" status="PASS">
          <params>
            <param index="0">
              <value>
                <![CDATA[chromium]]>
              </value>
            </param>
          </params>
          <reporter-output>
          </reporter-output>
        </test-method> <!-- setup -->
        <test-method signature="loginPageNavigationTest()[pri:1, instance:com.qa.opencart.test.LoginPageTest@df6620a]" started-at="2024-03-07T14:44:35Z" name="loginPageNavigationTest" finished-at="2024-03-07T14:44:35Z" duration-ms="509" status="PASS">
          <reporter-output>
          </reporter-output>
        </test-method> <!-- loginPageNavigationTest -->
        <test-method signature="forgotpasswordLinkexiststest()[pri:2, instance:com.qa.opencart.test.LoginPageTest@df6620a]" started-at="2024-03-07T14:44:36Z" name="forgotpasswordLinkexiststest" finished-at="2024-03-07T14:44:36Z" duration-ms="11" status="PASS">
          <reporter-output>
          </reporter-output>
        </test-method> <!-- forgotpasswordLinkexiststest -->
        <test-method signature="appLoginTest()[pri:3, instance:com.qa.opencart.test.LoginPageTest@df6620a]" started-at="2024-03-07T14:44:36Z" name="appLoginTest" finished-at="2024-03-07T14:44:36Z" duration-ms="771" status="PASS">
          <reporter-output>
          </reporter-output>
        </test-method> <!-- appLoginTest -->
        <test-method is-config="true" signature="tearDown()[pri:0, instance:com.qa.opencart.test.LoginPageTest@df6620a]" started-at="2024-03-07T14:44:37Z" name="tearDown" finished-at="2024-03-07T14:44:37Z" duration-ms="184" status="PASS">
          <reporter-output>
          </reporter-output>
        </test-method> <!-- tearDown -->
      </class> <!-- com.qa.opencart.test.LoginPageTest -->
    </test> <!-- Open Cart Login Page Test_chromium -->
    <test started-at="2024-03-07T14:44:37Z" name="Open Cart Login Page Test" finished-at="2024-03-07T14:44:44Z" duration-ms="7614">
      <class name="com.qa.opencart.test.LoginPageTest">
        <test-method is-config="true" signature="setup(java.lang.String)[pri:0, instance:com.qa.opencart.test.LoginPageTest@5be49b60]" started-at="2024-03-07T14:44:37Z" name="setup" finished-at="2024-03-07T14:44:41Z" duration-ms="4215" status="PASS">
          <params>
            <param index="0">
              <value>
                <![CDATA[edge]]>
              </value>
            </param>
          </params>
          <reporter-output>
          </reporter-output>
        </test-method> <!-- setup -->
        <test-method signature="loginPageNavigationTest()[pri:1, instance:com.qa.opencart.test.LoginPageTest@5be49b60]" started-at="2024-03-07T14:44:41Z" name="loginPageNavigationTest" finished-at="2024-03-07T14:44:42Z" duration-ms="574" status="PASS">
          <reporter-output>
          </reporter-output>
        </test-method> <!-- loginPageNavigationTest -->
        <test-method signature="forgotpasswordLinkexiststest()[pri:2, instance:com.qa.opencart.test.LoginPageTest@5be49b60]" started-at="2024-03-07T14:44:42Z" name="forgotpasswordLinkexiststest" finished-at="2024-03-07T14:44:42Z" duration-ms="9" status="PASS">
          <reporter-output>
          </reporter-output>
        </test-method> <!-- forgotpasswordLinkexiststest -->
        <test-method signature="appLoginTest()[pri:3, instance:com.qa.opencart.test.LoginPageTest@5be49b60]" started-at="2024-03-07T14:44:42Z" name="appLoginTest" finished-at="2024-03-07T14:44:43Z" duration-ms="812" status="PASS">
          <reporter-output>
          </reporter-output>
        </test-method> <!-- appLoginTest -->
        <test-method is-config="true" signature="tearDown()[pri:0, instance:com.qa.opencart.test.LoginPageTest@5be49b60]" started-at="2024-03-07T14:44:43Z" name="tearDown" finished-at="2024-03-07T14:44:44Z" duration-ms="1345" status="PASS">
          <reporter-output>
          </reporter-output>
        </test-method> <!-- tearDown -->
      </class> <!-- com.qa.opencart.test.LoginPageTest -->
    </test> <!-- Open Cart Login Page Test -->
    <test started-at="2024-03-07T14:44:45Z" name="Open Cart Login Page Test_safari" finished-at="2024-03-07T14:44:50Z" duration-ms="5819">
      <class name="com.qa.opencart.test.LoginPageTest">
        <test-method is-config="true" signature="setup(java.lang.String)[pri:0, instance:com.qa.opencart.test.LoginPageTest@327af41b]" started-at="2024-03-07T14:44:45Z" name="setup" finished-at="2024-03-07T14:44:48Z" duration-ms="3591" status="PASS">
          <params>
            <param index="0">
              <value>
                <![CDATA[safari]]>
              </value>
            </param>
          </params>
          <reporter-output>
          </reporter-output>
        </test-method> <!-- setup -->
        <test-method signature="loginPageNavigationTest()[pri:1, instance:com.qa.opencart.test.LoginPageTest@327af41b]" started-at="2024-03-07T14:44:48Z" name="loginPageNavigationTest" finished-at="2024-03-07T14:44:49Z" duration-ms="915" status="PASS">
          <reporter-output>
          </reporter-output>
        </test-method> <!-- loginPageNavigationTest -->
        <test-method signature="forgotpasswordLinkexiststest()[pri:2, instance:com.qa.opencart.test.LoginPageTest@327af41b]" started-at="2024-03-07T14:44:49Z" name="forgotpasswordLinkexiststest" finished-at="2024-03-07T14:44:49Z" duration-ms="19" status="PASS">
          <reporter-output>
          </reporter-output>
        </test-method> <!-- forgotpasswordLinkexiststest -->
        <test-method signature="appLoginTest()[pri:3, instance:com.qa.opencart.test.LoginPageTest@327af41b]" started-at="2024-03-07T14:44:49Z" name="appLoginTest" finished-at="2024-03-07T14:44:50Z" duration-ms="1056" status="PASS">
          <reporter-output>
          </reporter-output>
        </test-method> <!-- appLoginTest -->
        <test-method is-config="true" signature="tearDown()[pri:0, instance:com.qa.opencart.test.LoginPageTest@327af41b]" started-at="2024-03-07T14:44:50Z" name="tearDown" finished-at="2024-03-07T14:44:50Z" duration-ms="54" status="PASS">
          <reporter-output>
          </reporter-output>
        </test-method> <!-- tearDown -->
      </class> <!-- com.qa.opencart.test.LoginPageTest -->
    </test> <!-- Open Cart Login Page Test_safari -->
    <test started-at="2024-03-07T14:44:50Z" name="Open Cart Login Page Test_firefox" finished-at="2024-03-07T14:44:59Z" duration-ms="8160">
      <class name="com.qa.opencart.test.LoginPageTest">
        <test-method is-config="true" signature="setup(java.lang.String)[pri:0, instance:com.qa.opencart.test.LoginPageTest@7e19ebf0]" started-at="2024-03-07T14:44:50Z" name="setup" finished-at="2024-03-07T14:44:56Z" duration-ms="5542" status="PASS">
          <params>
            <param index="0">
              <value>
                <![CDATA[firefox]]>
              </value>
            </param>
          </params>
          <reporter-output>
          </reporter-output>
        </test-method> <!-- setup -->
        <test-method signature="loginPageNavigationTest()[pri:1, instance:com.qa.opencart.test.LoginPageTest@7e19ebf0]" started-at="2024-03-07T14:44:56Z" name="loginPageNavigationTest" finished-at="2024-03-07T14:44:57Z" duration-ms="615" status="PASS">
          <reporter-output>
          </reporter-output>
        </test-method> <!-- loginPageNavigationTest -->
        <test-method signature="forgotpasswordLinkexiststest()[pri:2, instance:com.qa.opencart.test.LoginPageTest@7e19ebf0]" started-at="2024-03-07T14:44:57Z" name="forgotpasswordLinkexiststest" finished-at="2024-03-07T14:44:57Z" duration-ms="8" status="PASS">
          <reporter-output>
          </reporter-output>
        </test-method> <!-- forgotpasswordLinkexiststest -->
        <test-method signature="appLoginTest()[pri:3, instance:com.qa.opencart.test.LoginPageTest@7e19ebf0]" started-at="2024-03-07T14:44:57Z" name="appLoginTest" finished-at="2024-03-07T14:44:58Z" duration-ms="1038" status="FAIL">
          <exception class="java.lang.AssertionError">
            <message>
              <![CDATA[expected [true] but found [false]]]>
            </message>
            <full-stacktrace>
              <![CDATA[java.lang.AssertionError: expected [true] but found [false]
at org.testng.Assert.fail(Assert.java:96)
at org.testng.Assert.failNotEquals(Assert.java:776)
at org.testng.Assert.assertTrue(Assert.java:44)
at org.testng.Assert.assertTrue(Assert.java:54)
at com.qa.opencart.test.LoginPageTest.appLoginTest(LoginPageTest.java:28)
at java.base/jdk.internal.reflect.NativeMethodAccessorImpl.invoke0(Native Method)
at java.base/jdk.internal.reflect.NativeMethodAccessorImpl.invoke(NativeMethodAccessorImpl.java:77)
at java.base/jdk.internal.reflect.DelegatingMethodAccessorImpl.invoke(DelegatingMethodAccessorImpl.java:43)
at java.base/java.lang.reflect.Method.invoke(Method.java:568)
at org.testng.internal.MethodInvocationHelper.invokeMethod(MethodInvocationHelper.java:124)
at org.testng.internal.Invoker.invokeMethod(Invoker.java:583)
at org.testng.internal.Invoker.invokeTestMethod(Invoker.java:719)
at org.testng.internal.Invoker.invokeTestMethods(Invoker.java:989)
at org.testng.internal.TestMethodWorker.invokeTestMethods(TestMethodWorker.java:125)
at org.testng.internal.TestMethodWorker.run(TestMethodWorker.java:109)
at org.testng.TestRunner.privateRun(TestRunner.java:648)
at org.testng.TestRunner.run(TestRunner.java:505)
at org.testng.SuiteRunner.runTest(SuiteRunner.java:455)
at org.testng.SuiteRunner.access$000(SuiteRunner.java:40)
at org.testng.SuiteRunner$SuiteWorker.run(SuiteRunner.java:489)
at org.testng.internal.thread.ThreadUtil$1.call(ThreadUtil.java:52)
at java.base/java.util.concurrent.FutureTask.run(FutureTask.java:264)
at java.base/java.util.concurrent.ThreadPoolExecutor.runWorker(ThreadPoolExecutor.java:1136)
at java.base/java.util.concurrent.ThreadPoolExecutor$Worker.run(ThreadPoolExecutor.java:635)
at java.base/java.lang.Thread.run(Thread.java:840)
]]>
            </full-stacktrace>
          </exception> <!-- java.lang.AssertionError -->
          <reporter-output>
          </reporter-output>
        </test-method> <!-- appLoginTest -->
        <test-method is-config="true" signature="tearDown()[pri:0, instance:com.qa.opencart.test.LoginPageTest@7e19ebf0]" started-at="2024-03-07T14:44:58Z" name="tearDown" finished-at="2024-03-07T14:44:59Z" duration-ms="532" status="PASS">
          <reporter-output>
          </reporter-output>
        </test-method> <!-- tearDown -->
      </class> <!-- com.qa.opencart.test.LoginPageTest -->
    </test> <!-- Open Cart Login Page Test_firefox -->
  </suite> <!-- Open Cart Test Regression PW Suite -->
</testng-results>
